{
  "stats": {
    "suites": 2,
    "tests": 10,
    "passes": 10,
    "pending": 0,
    "failures": 0,
    "start": "2022-04-19T18:57:39.933Z",
    "end": "2022-04-19T18:57:39.952Z",
    "duration": 19,
    "testsRegistered": 10,
    "passPercent": 100,
    "pendingPercent": 0,
    "other": 0,
    "hasOther": false,
    "skipped": 0,
    "hasSkipped": false
  },
  "results": [
    {
      "uuid": "01edb65c-bb1b-44f7-9283-1861e5beac80",
      "title": "",
      "fullFile": "",
      "file": "",
      "beforeHooks": [],
      "afterHooks": [],
      "tests": [],
      "suites": [
        {
          "uuid": "68d74884-bd56-4a41-bd79-5f4cf141afa5",
          "title": "factorialShort",
          "fullFile": "c:\\data\\training\\module2\\mocha-unit-testing-example\\test\\specs\\factorialShort.spec.js",
          "file": "\\test\\specs\\factorialShort.spec.js",
          "beforeHooks": [
            {
              "title": "\"before each\" hook in \"factorialShort\"",
              "fullTitle": "factorialShort \"before each\" hook in \"factorialShort\"",
              "timedOut": false,
              "duration": 0,
              "state": null,
              "speed": null,
              "pass": false,
              "fail": false,
              "pending": false,
              "context": null,
              "code": "factorial = new Factorial();\nspy = chai.spy.on(factorial, 'factorialShort');",
              "err": {},
              "uuid": "e7e90866-bfd7-456e-a281-86978926be90",
              "parentUUID": "68d74884-bd56-4a41-bd79-5f4cf141afa5",
              "isHook": true,
              "skipped": false
            }
          ],
          "afterHooks": [
            {
              "title": "\"after each\" hook in \"factorialShort\"",
              "fullTitle": "factorialShort \"after each\" hook in \"factorialShort\"",
              "timedOut": false,
              "duration": 0,
              "state": null,
              "speed": null,
              "pass": false,
              "fail": false,
              "pending": false,
              "context": null,
              "code": "factorial = null;",
              "err": {},
              "uuid": "ebda6bc6-09ac-4f5d-a7fa-e315965f6ea6",
              "parentUUID": "68d74884-bd56-4a41-bd79-5f4cf141afa5",
              "isHook": true,
              "skipped": false
            }
          ],
          "tests": [
            {
              "title": "should return 6 when called with number 3",
              "fullTitle": "factorialShort should return 6 when called with number 3",
              "timedOut": false,
              "duration": 1,
              "state": "passed",
              "speed": "fast",
              "pass": true,
              "fail": false,
              "pending": false,
              "context": null,
              "code": "expect(factorial.factorialShort(3)).to.be.equal(6);",
              "err": {},
              "uuid": "a3263b4b-9637-4fed-977f-6bf939ad7c41",
              "parentUUID": "68d74884-bd56-4a41-bd79-5f4cf141afa5",
              "isHook": false,
              "skipped": false
            },
            {
              "title": "should return 362880 when called with number 9",
              "fullTitle": "factorialShort should return 362880 when called with number 9",
              "timedOut": false,
              "duration": 1,
              "state": "passed",
              "speed": "fast",
              "pass": true,
              "fail": false,
              "pending": false,
              "context": null,
              "code": "expect(factorial.factorialShort(9)).to.be.equal(362880);",
              "err": {},
              "uuid": "cff734e8-e466-4db7-96d1-eb745e1d1dcc",
              "parentUUID": "68d74884-bd56-4a41-bd79-5f4cf141afa5",
              "isHook": false,
              "skipped": false
            },
            {
              "title": "should throw an error if provided with a negative number",
              "fullTitle": "factorialShort should throw an error if provided with a negative number",
              "timedOut": false,
              "duration": 1,
              "state": "passed",
              "speed": "fast",
              "pass": true,
              "fail": false,
              "pending": false,
              "context": null,
              "code": "let callWithError = () => factorial.factorialShort(-1);\nexpect(spy).to.be.a.spy;\nexpect(callWithError).to.throw(`Negative number!`);",
              "err": {},
              "uuid": "6c2b1e2b-9ca4-4111-9825-10b8d65927d7",
              "parentUUID": "68d74884-bd56-4a41-bd79-5f4cf141afa5",
              "isHook": false,
              "skipped": false
            },
            {
              "title": "should be called twice when provided with 2",
              "fullTitle": "factorialShort should be called twice when provided with 2",
              "timedOut": false,
              "duration": 0,
              "state": "passed",
              "speed": "fast",
              "pass": true,
              "fail": false,
              "pending": false,
              "context": null,
              "code": "factorial.factorialShort(2);\nexpect(spy).to.have.been.called(2);",
              "err": {},
              "uuid": "2674c850-eb43-4a46-bcd2-721f7bc8f8a0",
              "parentUUID": "68d74884-bd56-4a41-bd79-5f4cf141afa5",
              "isHook": false,
              "skipped": false
            },
            {
              "title": "should return 1 when provided 1",
              "fullTitle": "factorialShort should return 1 when provided 1",
              "timedOut": false,
              "duration": 0,
              "state": "passed",
              "speed": "fast",
              "pass": true,
              "fail": false,
              "pending": false,
              "context": null,
              "code": "expect(factorial.factorialShort(1)).to.be.equal(1);",
              "err": {},
              "uuid": "35e80855-f23a-4be5-9c92-473dd7a89830",
              "parentUUID": "68d74884-bd56-4a41-bd79-5f4cf141afa5",
              "isHook": false,
              "skipped": false
            }
          ],
          "suites": [],
          "passes": [
            "a3263b4b-9637-4fed-977f-6bf939ad7c41",
            "cff734e8-e466-4db7-96d1-eb745e1d1dcc",
            "6c2b1e2b-9ca4-4111-9825-10b8d65927d7",
            "2674c850-eb43-4a46-bcd2-721f7bc8f8a0",
            "35e80855-f23a-4be5-9c92-473dd7a89830"
          ],
          "failures": [],
          "pending": [],
          "skipped": [],
          "duration": 3,
          "root": false,
          "rootEmpty": false,
          "_timeout": 5000
        },
        {
          "uuid": "70ab3be3-7580-4ae7-9e8b-22d7efd2e327",
          "title": "factorialSimple",
          "fullFile": "c:\\data\\training\\module2\\mocha-unit-testing-example\\test\\specs\\factorialSimple.spec.js",
          "file": "\\test\\specs\\factorialSimple.spec.js",
          "beforeHooks": [
            {
              "title": "\"before each\" hook in \"factorialSimple\"",
              "fullTitle": "factorialSimple \"before each\" hook in \"factorialSimple\"",
              "timedOut": false,
              "duration": 0,
              "state": null,
              "speed": null,
              "pass": false,
              "fail": false,
              "pending": false,
              "context": null,
              "code": "factorial = new Factorial();\nspy = chai.spy.on(factorial, 'factorialSimple');",
              "err": {},
              "uuid": "b08d769f-f230-414f-9cba-8b2abd1b2c4d",
              "parentUUID": "70ab3be3-7580-4ae7-9e8b-22d7efd2e327",
              "isHook": true,
              "skipped": false
            }
          ],
          "afterHooks": [
            {
              "title": "\"after each\" hook in \"factorialSimple\"",
              "fullTitle": "factorialSimple \"after each\" hook in \"factorialSimple\"",
              "timedOut": false,
              "duration": 0,
              "state": null,
              "speed": null,
              "pass": false,
              "fail": false,
              "pending": false,
              "context": null,
              "code": "factorial = null;",
              "err": {},
              "uuid": "ec647833-a86c-4d18-b1b4-3eb6b4661d43",
              "parentUUID": "70ab3be3-7580-4ae7-9e8b-22d7efd2e327",
              "isHook": true,
              "skipped": false
            }
          ],
          "tests": [
            {
              "title": "should return 6 when called with number 3",
              "fullTitle": "factorialSimple should return 6 when called with number 3",
              "timedOut": false,
              "duration": 0,
              "state": "passed",
              "speed": "fast",
              "pass": true,
              "fail": false,
              "pending": false,
              "context": null,
              "code": "expect(factorial.factorialSimple(3)).to.be.equal(6);",
              "err": {},
              "uuid": "d180c1f6-d203-4654-b378-2c1d81fd50c8",
              "parentUUID": "70ab3be3-7580-4ae7-9e8b-22d7efd2e327",
              "isHook": false,
              "skipped": false
            },
            {
              "title": "should return 362880 when called with number 9",
              "fullTitle": "factorialSimple should return 362880 when called with number 9",
              "timedOut": false,
              "duration": 0,
              "state": "passed",
              "speed": "fast",
              "pass": true,
              "fail": false,
              "pending": false,
              "context": null,
              "code": "expect(factorial.factorialSimple(9)).to.be.equal(362880);",
              "err": {},
              "uuid": "4c79a818-9fde-42b4-916d-63264fe56c76",
              "parentUUID": "70ab3be3-7580-4ae7-9e8b-22d7efd2e327",
              "isHook": false,
              "skipped": false
            },
            {
              "title": "should throw an error if provided with a negative number",
              "fullTitle": "factorialSimple should throw an error if provided with a negative number",
              "timedOut": false,
              "duration": 0,
              "state": "passed",
              "speed": "fast",
              "pass": true,
              "fail": false,
              "pending": false,
              "context": null,
              "code": "let callWithError = () => factorial.factorialSimple(-1);\nexpect(spy).to.be.a.spy;\nexpect(callWithError).to.throw(`Negative number!`);",
              "err": {},
              "uuid": "e871b064-afaa-495b-b0f0-2954db74ca9a",
              "parentUUID": "70ab3be3-7580-4ae7-9e8b-22d7efd2e327",
              "isHook": false,
              "skipped": false
            },
            {
              "title": "should be called twice when provided with 2",
              "fullTitle": "factorialSimple should be called twice when provided with 2",
              "timedOut": false,
              "duration": 0,
              "state": "passed",
              "speed": "fast",
              "pass": true,
              "fail": false,
              "pending": false,
              "context": null,
              "code": "factorial.factorialSimple(2);\nexpect(spy).to.have.been.called(1);",
              "err": {},
              "uuid": "a191be27-d685-4966-9908-4de217402c0a",
              "parentUUID": "70ab3be3-7580-4ae7-9e8b-22d7efd2e327",
              "isHook": false,
              "skipped": false
            },
            {
              "title": "should return 1 when provided 1",
              "fullTitle": "factorialSimple should return 1 when provided 1",
              "timedOut": false,
              "duration": 0,
              "state": "passed",
              "speed": "fast",
              "pass": true,
              "fail": false,
              "pending": false,
              "context": null,
              "code": "expect(factorial.factorialSimple(1)).to.be.equal(1);",
              "err": {},
              "uuid": "df8ad61f-2cdd-4804-91c8-34288fa623cb",
              "parentUUID": "70ab3be3-7580-4ae7-9e8b-22d7efd2e327",
              "isHook": false,
              "skipped": false
            }
          ],
          "suites": [],
          "passes": [
            "d180c1f6-d203-4654-b378-2c1d81fd50c8",
            "4c79a818-9fde-42b4-916d-63264fe56c76",
            "e871b064-afaa-495b-b0f0-2954db74ca9a",
            "a191be27-d685-4966-9908-4de217402c0a",
            "df8ad61f-2cdd-4804-91c8-34288fa623cb"
          ],
          "failures": [],
          "pending": [],
          "skipped": [],
          "duration": 0,
          "root": false,
          "rootEmpty": false,
          "_timeout": 5000
        }
      ],
      "passes": [],
      "failures": [],
      "pending": [],
      "skipped": [],
      "duration": 0,
      "root": true,
      "rootEmpty": true,
      "_timeout": 5000
    }
  ],
  "meta": {
    "mocha": {
      "version": "9.2.1"
    },
    "mochawesome": {
      "options": {
        "quiet": false,
        "reportFilename": "mochawesome",
        "saveHtml": true,
        "saveJson": true,
        "consoleReporter": "spec",
        "useInlineDiffs": false,
        "code": true
      },
      "version": "7.1.2"
    },
    "marge": {
      "options": null,
      "version": "6.1.1"
    }
  }
}