{
  "stats": {
    "suites": 2,
    "tests": 10,
    "passes": 10,
    "pending": 0,
    "failures": 0,
    "start": "2022-04-19T19:11:40.955Z",
    "end": "2022-04-19T19:11:40.985Z",
    "duration": 30,
    "testsRegistered": 10,
    "passPercent": 100,
    "pendingPercent": 0,
    "other": 0,
    "hasOther": false,
    "skipped": 0,
    "hasSkipped": false
  },
  "results": [
    {
      "uuid": "a01ec220-4ebd-4801-b94d-997670a0da65",
      "title": "",
      "fullFile": "",
      "file": "",
      "beforeHooks": [],
      "afterHooks": [],
      "tests": [],
      "suites": [
        {
          "uuid": "9201c581-b3ae-4512-92d4-25d8c8b76087",
          "title": "factorialShort",
          "fullFile": "c:\\data\\training\\module2\\mocha-unit-testing-example\\test\\specs\\factorialShort.spec.js",
          "file": "\\test\\specs\\factorialShort.spec.js",
          "beforeHooks": [
            {
              "title": "\"before each\" hook in \"factorialShort\"",
              "fullTitle": "factorialShort \"before each\" hook in \"factorialShort\"",
              "timedOut": false,
              "duration": 0,
              "state": null,
              "speed": null,
              "pass": false,
              "fail": false,
              "pending": false,
              "context": null,
              "code": "factorial = new Factorial();\nspy = chai.spy.on(factorial, 'factorialShort');",
              "err": {},
              "uuid": "f58f09d7-0f85-4602-a236-113d57d458b7",
              "parentUUID": "9201c581-b3ae-4512-92d4-25d8c8b76087",
              "isHook": true,
              "skipped": false
            }
          ],
          "afterHooks": [
            {
              "title": "\"after each\" hook in \"factorialShort\"",
              "fullTitle": "factorialShort \"after each\" hook in \"factorialShort\"",
              "timedOut": false,
              "duration": 0,
              "state": null,
              "speed": null,
              "pass": false,
              "fail": false,
              "pending": false,
              "context": null,
              "code": "factorial = null;",
              "err": {},
              "uuid": "da4c0e60-24c6-45e6-aed9-768ea4724286",
              "parentUUID": "9201c581-b3ae-4512-92d4-25d8c8b76087",
              "isHook": true,
              "skipped": false
            }
          ],
          "tests": [
            {
              "title": "should return 6 when called with number 3",
              "fullTitle": "factorialShort should return 6 when called with number 3",
              "timedOut": false,
              "duration": 1,
              "state": "passed",
              "speed": "fast",
              "pass": true,
              "fail": false,
              "pending": false,
              "context": null,
              "code": "expect(factorial.factorialShort(3)).to.be.equal(6);",
              "err": {},
              "uuid": "5a86d205-b0c1-40ec-b55b-1769a48eb406",
              "parentUUID": "9201c581-b3ae-4512-92d4-25d8c8b76087",
              "isHook": false,
              "skipped": false
            },
            {
              "title": "should return 362880 when called with number 9",
              "fullTitle": "factorialShort should return 362880 when called with number 9",
              "timedOut": false,
              "duration": 0,
              "state": "passed",
              "speed": "fast",
              "pass": true,
              "fail": false,
              "pending": false,
              "context": null,
              "code": "expect(factorial.factorialShort(9)).to.be.equal(362880);",
              "err": {},
              "uuid": "b0087076-caab-4e1e-b8b0-1c8fa1a5793e",
              "parentUUID": "9201c581-b3ae-4512-92d4-25d8c8b76087",
              "isHook": false,
              "skipped": false
            },
            {
              "title": "should throw an error if provided with a negative number",
              "fullTitle": "factorialShort should throw an error if provided with a negative number",
              "timedOut": false,
              "duration": 1,
              "state": "passed",
              "speed": "fast",
              "pass": true,
              "fail": false,
              "pending": false,
              "context": null,
              "code": "let callWithError = () => factorial.factorialShort(-1);\nexpect(spy).to.be.a.spy;\nexpect(callWithError).to.throw(`Negative number!`);",
              "err": {},
              "uuid": "30d7a8da-84c2-4e2f-b01e-50311301b0c6",
              "parentUUID": "9201c581-b3ae-4512-92d4-25d8c8b76087",
              "isHook": false,
              "skipped": false
            },
            {
              "title": "should be called twice when provided with 2",
              "fullTitle": "factorialShort should be called twice when provided with 2",
              "timedOut": false,
              "duration": 0,
              "state": "passed",
              "speed": "fast",
              "pass": true,
              "fail": false,
              "pending": false,
              "context": null,
              "code": "factorial.factorialShort(2);\nexpect(spy).to.have.been.called(2);",
              "err": {},
              "uuid": "399a4b58-7f3c-4ad8-81d9-c78dca937415",
              "parentUUID": "9201c581-b3ae-4512-92d4-25d8c8b76087",
              "isHook": false,
              "skipped": false
            },
            {
              "title": "should return 1 when provided 1",
              "fullTitle": "factorialShort should return 1 when provided 1",
              "timedOut": false,
              "duration": 0,
              "state": "passed",
              "speed": "fast",
              "pass": true,
              "fail": false,
              "pending": false,
              "context": null,
              "code": "expect(factorial.factorialShort(1)).to.be.equal(1);",
              "err": {},
              "uuid": "53c442fb-dfe9-45df-904b-31c321083c80",
              "parentUUID": "9201c581-b3ae-4512-92d4-25d8c8b76087",
              "isHook": false,
              "skipped": false
            }
          ],
          "suites": [],
          "passes": [
            "5a86d205-b0c1-40ec-b55b-1769a48eb406",
            "b0087076-caab-4e1e-b8b0-1c8fa1a5793e",
            "30d7a8da-84c2-4e2f-b01e-50311301b0c6",
            "399a4b58-7f3c-4ad8-81d9-c78dca937415",
            "53c442fb-dfe9-45df-904b-31c321083c80"
          ],
          "failures": [],
          "pending": [],
          "skipped": [],
          "duration": 2,
          "root": false,
          "rootEmpty": false,
          "_timeout": 5000
        },
        {
          "uuid": "f7737ef5-a497-4532-9888-1b3f4ea4b963",
          "title": "factorialSimple",
          "fullFile": "c:\\data\\training\\module2\\mocha-unit-testing-example\\test\\specs\\factorialSimple.spec.js",
          "file": "\\test\\specs\\factorialSimple.spec.js",
          "beforeHooks": [
            {
              "title": "\"before each\" hook in \"factorialSimple\"",
              "fullTitle": "factorialSimple \"before each\" hook in \"factorialSimple\"",
              "timedOut": false,
              "duration": 0,
              "state": null,
              "speed": null,
              "pass": false,
              "fail": false,
              "pending": false,
              "context": null,
              "code": "factorial = new Factorial();\nspy = chai.spy.on(factorial, 'factorialSimple');",
              "err": {},
              "uuid": "d80ec065-526f-48e0-bb36-71457fe2709e",
              "parentUUID": "f7737ef5-a497-4532-9888-1b3f4ea4b963",
              "isHook": true,
              "skipped": false
            }
          ],
          "afterHooks": [
            {
              "title": "\"after each\" hook in \"factorialSimple\"",
              "fullTitle": "factorialSimple \"after each\" hook in \"factorialSimple\"",
              "timedOut": false,
              "duration": 0,
              "state": null,
              "speed": null,
              "pass": false,
              "fail": false,
              "pending": false,
              "context": null,
              "code": "factorial = null;",
              "err": {},
              "uuid": "ffa3f5fd-94fa-479c-ac52-a7674e8c5fd5",
              "parentUUID": "f7737ef5-a497-4532-9888-1b3f4ea4b963",
              "isHook": true,
              "skipped": false
            }
          ],
          "tests": [
            {
              "title": "should return 6 when called with number 3",
              "fullTitle": "factorialSimple should return 6 when called with number 3",
              "timedOut": false,
              "duration": 0,
              "state": "passed",
              "speed": "fast",
              "pass": true,
              "fail": false,
              "pending": false,
              "context": null,
              "code": "expect(factorial.factorialSimple(3)).to.be.equal(6);",
              "err": {},
              "uuid": "158edde7-9a01-49c1-84ea-4c6c7b6cd597",
              "parentUUID": "f7737ef5-a497-4532-9888-1b3f4ea4b963",
              "isHook": false,
              "skipped": false
            },
            {
              "title": "should return 362880 when called with number 9",
              "fullTitle": "factorialSimple should return 362880 when called with number 9",
              "timedOut": false,
              "duration": 0,
              "state": "passed",
              "speed": "fast",
              "pass": true,
              "fail": false,
              "pending": false,
              "context": null,
              "code": "expect(factorial.factorialSimple(9)).to.be.equal(362880);",
              "err": {},
              "uuid": "dfb911a6-2a54-49bb-9611-50e4a64011c3",
              "parentUUID": "f7737ef5-a497-4532-9888-1b3f4ea4b963",
              "isHook": false,
              "skipped": false
            },
            {
              "title": "should throw an error if provided with a negative number",
              "fullTitle": "factorialSimple should throw an error if provided with a negative number",
              "timedOut": false,
              "duration": 0,
              "state": "passed",
              "speed": "fast",
              "pass": true,
              "fail": false,
              "pending": false,
              "context": null,
              "code": "let callWithError = () => factorial.factorialSimple(-1);\nexpect(spy).to.be.a.spy;\nexpect(callWithError).to.throw(`Negative number!`);",
              "err": {},
              "uuid": "c2a6ee15-3ef1-42d1-8084-88d2b92bb522",
              "parentUUID": "f7737ef5-a497-4532-9888-1b3f4ea4b963",
              "isHook": false,
              "skipped": false
            },
            {
              "title": "should be called twice when provided with 2",
              "fullTitle": "factorialSimple should be called twice when provided with 2",
              "timedOut": false,
              "duration": 1,
              "state": "passed",
              "speed": "fast",
              "pass": true,
              "fail": false,
              "pending": false,
              "context": null,
              "code": "factorial.factorialSimple(2);\nexpect(spy).to.have.been.called(1);",
              "err": {},
              "uuid": "3c0620bb-dbf4-4483-9b10-e48a3dae29f1",
              "parentUUID": "f7737ef5-a497-4532-9888-1b3f4ea4b963",
              "isHook": false,
              "skipped": false
            },
            {
              "title": "should return 1 when provided 1",
              "fullTitle": "factorialSimple should return 1 when provided 1",
              "timedOut": false,
              "duration": 0,
              "state": "passed",
              "speed": "fast",
              "pass": true,
              "fail": false,
              "pending": false,
              "context": null,
              "code": "expect(factorial.factorialSimple(1)).to.be.equal(1);",
              "err": {},
              "uuid": "26f0efde-e4cd-42e1-855f-32a3b15d24ae",
              "parentUUID": "f7737ef5-a497-4532-9888-1b3f4ea4b963",
              "isHook": false,
              "skipped": false
            }
          ],
          "suites": [],
          "passes": [
            "158edde7-9a01-49c1-84ea-4c6c7b6cd597",
            "dfb911a6-2a54-49bb-9611-50e4a64011c3",
            "c2a6ee15-3ef1-42d1-8084-88d2b92bb522",
            "3c0620bb-dbf4-4483-9b10-e48a3dae29f1",
            "26f0efde-e4cd-42e1-855f-32a3b15d24ae"
          ],
          "failures": [],
          "pending": [],
          "skipped": [],
          "duration": 1,
          "root": false,
          "rootEmpty": false,
          "_timeout": 5000
        }
      ],
      "passes": [],
      "failures": [],
      "pending": [],
      "skipped": [],
      "duration": 0,
      "root": true,
      "rootEmpty": true,
      "_timeout": 5000
    }
  ],
  "meta": {
    "mocha": {
      "version": "9.2.1"
    },
    "mochawesome": {
      "options": {
        "quiet": false,
        "reportFilename": "mochawesome",
        "saveHtml": true,
        "saveJson": true,
        "consoleReporter": "spec",
        "useInlineDiffs": false,
        "code": true
      },
      "version": "7.1.2"
    },
    "marge": {
      "options": null,
      "version": "6.1.1"
    }
  }
}